[0.015s] Invoking command in '/home/bettanin/ws_moveit2/build/rviz_visual_tools': CMAKE_PREFIX_PATH=/opt/ros/foxy /usr/bin/cmake /home/bettanin/ws_moveit2/src/rviz_visual_tools -DCMAKE_BUILD_TYPE=Release -DCMAKE_INSTALL_PREFIX=/home/bettanin/ws_moveit2/install/rviz_visual_tools
[0.377s] -- The C compiler identification is GNU 9.4.0
[0.622s] -- The CXX compiler identification is GNU 9.4.0
[0.632s] -- Check for working C compiler: /usr/bin/cc
[0.700s] -- Check for working C compiler: /usr/bin/cc -- works
[0.702s] -- Detecting C compiler ABI info
[0.774s] -- Detecting C compiler ABI info - done
[0.787s] -- Detecting C compile features
[0.787s] -- Detecting C compile features - done
[0.790s] -- Check for working CXX compiler: /usr/bin/c++
[0.867s] -- Check for working CXX compiler: /usr/bin/c++ -- works
[0.868s] -- Detecting CXX compiler ABI info
[0.952s] -- Detecting CXX compiler ABI info - done
[0.962s] -- Detecting CXX compile features
[0.962s] -- Detecting CXX compile features - done
[1.000s] -- Found ament_cmake: 0.9.9 (/opt/ros/foxy/share/ament_cmake/cmake)
[1.049s] -- Found PythonInterp: /usr/bin/python3 (found suitable version "3.8.10", minimum required is "3") 
[1.049s] -- Using PYTHON_EXECUTABLE: /usr/bin/python3
[1.268s] -- Found rclcpp: 2.4.1 (/opt/ros/foxy/share/rclcpp/cmake)
[1.330s] -- Using all available rosidl_typesupport_c: rosidl_typesupport_fastrtps_c;rosidl_typesupport_introspection_c
[1.339s] -- Found rosidl_adapter: 1.2.1 (/opt/ros/foxy/share/rosidl_adapter/cmake)
[1.477s] -- Found OpenSSL: /usr/lib/x86_64-linux-gnu/libcrypto.so (found version "1.1.1f")  
[1.505s] -- Found FastRTPS: /opt/ros/foxy/include  
[1.585s] -- Using all available rosidl_typesupport_cpp: rosidl_typesupport_fastrtps_cpp;rosidl_typesupport_introspection_cpp
[1.647s] -- Found rmw_implementation_cmake: 1.0.3 (/opt/ros/foxy/share/rmw_implementation_cmake/cmake)
[1.649s] -- Using RMW implementation 'rmw_fastrtps_cpp' as default
[1.650s] -- Looking for pthread.h
[1.727s] -- Looking for pthread.h - found
[1.727s] -- Performing Test CMAKE_HAVE_LIBC_PTHREAD
[1.796s] -- Performing Test CMAKE_HAVE_LIBC_PTHREAD - Failed
[1.796s] -- Looking for pthread_create in pthreads
[1.853s] -- Looking for pthread_create in pthreads - not found
[1.853s] -- Looking for pthread_create in pthread
[1.931s] -- Looking for pthread_create in pthread - found
[1.932s] -- Found Threads: TRUE  
[2.095s] -- Found rclcpp_components: 2.4.1 (/opt/ros/foxy/share/rclcpp_components/cmake)
[2.160s] -- Found rviz_ogre_vendor: 8.2.6 (/opt/ros/foxy/share/rviz_ogre_vendor/cmake)
[2.161s] -- Setting OGRE_DIR to: '/opt/ros/foxy/share/rviz_ogre_vendor/cmake/../../../opt/rviz_ogre_vendor/lib/OGRE/cmake'
[2.164s] -- Found OGRE
[2.164s] --   static     : OFF
[2.164s] --   components : HLMS;MeshLodGenerator;Overlay;Paging;Property;RTShaderSystem;Terrain;Volume
[2.164s] --   plugins    : Plugin_BSPSceneManager;Plugin_OctreeSceneManager;Plugin_PCZSceneManager;Plugin_ParticleFX;RenderSystem_GL;RenderSystem_GL3Plus;Codec_STBI
[2.164s] --   media      : /opt/ros/foxy/opt/rviz_ogre_vendor/share/OGRE/Media
[2.164s] -- OGRE_LIBRARIES: OgreHLMS;OgreMeshLodGenerator;OgreOverlay;OgrePaging;OgreProperty;OgreRTShaderSystem;OgreTerrain;OgreVolume;OgreMain
[2.164s] -- OGRE_LIBRARY_DIRS: /opt/ros/foxy/opt/rviz_ogre_vendor/lib
[2.165s] -- OGRE_PLUGINS: Plugin_BSPSceneManager;Plugin_OctreeSceneManager;Plugin_PCZSceneManager;Plugin_ParticleFX;RenderSystem_GL;RenderSystem_GL3Plus;Codec_STBI
[2.165s] -- OGRE_PLUGIN_DIR: /opt/ros/foxy/opt/rviz_ogre_vendor/lib/OGRE
[2.165s] -- rviz_ogre_vendor::OgreOverlay for IMPORTED_LOCATION_RELEASE: /opt/ros/foxy/opt/rviz_ogre_vendor/lib/libOgreOverlay.so
[2.165s] -- rviz_ogre_vendor::OgreOverlay for IMPORTED_LOCATION_DEBUG: /opt/ros/foxy/opt/rviz_ogre_vendor/lib/libOgreOverlay.so
[2.165s] -- rviz_ogre_vendor::OgreMain for IMPORTED_LOCATION_RELEASE: /opt/ros/foxy/opt/rviz_ogre_vendor/lib/libOgreMain.so
[2.165s] -- rviz_ogre_vendor::OgreMain for IMPORTED_LOCATION_DEBUG: /opt/ros/foxy/opt/rviz_ogre_vendor/lib/libOgreMain.so
[2.186s] -- Found ZLIB: /usr/lib/x86_64-linux-gnu/libz.so (found version "1.2.11") 
[2.191s] -- Found OpenGL: /usr/lib/x86_64-linux-gnu/libOpenGL.so   
[2.276s] -- Found X11: /usr/include   
[2.277s] -- Looking for XOpenDisplay in /usr/lib/x86_64-linux-gnu/libX11.so;/usr/lib/x86_64-linux-gnu/libXext.so
[2.351s] -- Looking for XOpenDisplay in /usr/lib/x86_64-linux-gnu/libX11.so;/usr/lib/x86_64-linux-gnu/libXext.so - found
[2.351s] -- Looking for gethostbyname
[2.414s] -- Looking for gethostbyname - found
[2.415s] -- Looking for connect
[2.479s] -- Looking for connect - found
[2.480s] -- Looking for remove
[2.544s] -- Looking for remove - found
[2.544s] -- Looking for shmat
[2.609s] -- Looking for shmat - found
[2.610s] -- Looking for IceConnectionNumber in ICE
[2.687s] -- Looking for IceConnectionNumber in ICE - found
[2.691s] -- rviz_ogre_vendor::RenderSystem_GL for IMPORTED_LOCATION_RELEASE: _render_system_gl_static_library_abs-NOTFOUND
[2.691s] -- rviz_ogre_vendor::RenderSystem_GL for IMPORTED_LOCATION_DEBUG: _render_system_gl_static_library_abs-NOTFOUND
[2.720s] -- Found sensor_msgs: 2.0.5 (/opt/ros/foxy/share/sensor_msgs/cmake)
[2.875s] -- Found shape_msgs: 2.0.5 (/opt/ros/foxy/share/shape_msgs/cmake)
[2.936s] -- Found visualization_msgs: 2.0.5 (/opt/ros/foxy/share/visualization_msgs/cmake)
[3.007s] -- Found trajectory_msgs: 2.0.5 (/opt/ros/foxy/share/trajectory_msgs/cmake)
[3.079s] -- Found eigen3_cmake_module: 0.1.1 (/opt/ros/foxy/share/eigen3_cmake_module/cmake)
[3.081s] -- Found eigen_stl_containers: 1.0.0 (/opt/ros/foxy/share/eigen_stl_containers/cmake)
[3.085s] -- Found Eigen3: TRUE (found version "3.3.7") 
[3.089s] -- Found PkgConfig: /usr/bin/pkg-config (found version "0.29.1") 
[3.093s] -- Found tf2: 0.13.13 (/opt/ros/foxy/share/tf2/cmake)
[3.104s] -- Found tf2_eigen: 0.13.13 (/opt/ros/foxy/share/tf2_eigen/cmake)
[3.399s] -- Found tf2_geometry_msgs: 0.13.13 (/opt/ros/foxy/share/tf2_geometry_msgs/cmake)
[3.432s] -- Found pluginlib: 2.5.4 (/opt/ros/foxy/share/pluginlib/cmake)
[3.455s] -- Found interactive_markers: 2.1.3 (/opt/ros/foxy/share/interactive_markers/cmake)
[3.477s] -- Found rviz_common: 8.2.6 (/opt/ros/foxy/share/rviz_common/cmake)
[3.589s] -- library: /usr/lib/x86_64-linux-gnu/libcurl.so
[3.667s] -- Setting yaml-cpp_DIR to: '/opt/ros/foxy/share/yaml_cpp_vendor/cmake/../../../opt/yaml_cpp_vendor/lib/cmake/yaml-cpp'
[3.672s] -- Found rviz_default_plugins: 8.2.6 (/opt/ros/foxy/share/rviz_default_plugins/cmake)
[4.070s] -- Found ament_cmake_gtest: 0.9.9 (/opt/ros/foxy/share/ament_cmake_gtest/cmake)
[4.075s] -- Found gtest sources under '/opt/ros/foxy/src/gtest_vendor': C++ tests using 'Google Test' will be built
[4.078s] -- Check if compiler accepts -pthread
[4.146s] -- Check if compiler accepts -pthread - yes
[4.209s] -- Configuring done
[4.561s] -- Generating done
[4.564s] -- Build files have been written to: /home/bettanin/ws_moveit2/build/rviz_visual_tools
[4.576s] Invoked command in '/home/bettanin/ws_moveit2/build/rviz_visual_tools' returned '0': CMAKE_PREFIX_PATH=/opt/ros/foxy /usr/bin/cmake /home/bettanin/ws_moveit2/src/rviz_visual_tools -DCMAKE_BUILD_TYPE=Release -DCMAKE_INSTALL_PREFIX=/home/bettanin/ws_moveit2/install/rviz_visual_tools
[4.579s] Invoking command in '/home/bettanin/ws_moveit2/build/rviz_visual_tools': CMAKE_PREFIX_PATH=/opt/ros/foxy /usr/bin/cmake --build /home/bettanin/ws_moveit2/build/rviz_visual_tools -- -j8 -l8
[4.622s] [35m[1mScanning dependencies of target rviz_visual_tools_gui_autogen[0m
[4.622s] [35m[1mScanning dependencies of target gtest_main_autogen[0m
[4.622s] [35m[1mScanning dependencies of target rviz_visual_tools_remote_control_autogen[0m
[4.622s] [35m[1mScanning dependencies of target gtest_autogen[0m
[4.631s] [ 10%] [34m[1mAutomatic MOC for target rviz_visual_tools_gui[0m
[4.632s] [ 10%] [34m[1mAutomatic MOC for target gtest[0m
[4.632s] [ 10%] [34m[1mAutomatic MOC for target gtest_main[0m
[4.632s] [ 10%] [34m[1mAutomatic MOC for target rviz_visual_tools_remote_control[0m
[4.649s] [ 10%] Built target rviz_visual_tools_remote_control_autogen
[4.659s] [35m[1mScanning dependencies of target rviz_visual_tools_remote_control[0m
[4.688s] [ 10%] Built target gtest_autogen
[4.689s] [ 10%] Built target gtest_main_autogen
[4.703s] [35m[1mScanning dependencies of target gtest_main[0m
[4.728s] [ 15%] [32mBuilding CXX object gtest/CMakeFiles/gtest_main.dir/src/gtest_main.cc.o[0m
[4.729s] [ 15%] [32mBuilding CXX object gtest/CMakeFiles/gtest_main.dir/gtest_main_autogen/mocs_compilation.cpp.o[0m
[4.801s] [ 17%] [32mBuilding CXX object CMakeFiles/rviz_visual_tools_remote_control.dir/rviz_visual_tools_remote_control_autogen/mocs_compilation.cpp.o[0m
[4.809s] [ 20%] [32mBuilding CXX object CMakeFiles/rviz_visual_tools_remote_control.dir/src/remote_control.cpp.o[0m
[4.915s] [ 20%] Built target rviz_visual_tools_gui_autogen
[4.925s] [35m[1mScanning dependencies of target gtest[0m
[4.926s] [35m[1mScanning dependencies of target rviz_visual_tools_gui[0m
[4.947s] [ 23%] [32mBuilding CXX object gtest/CMakeFiles/gtest.dir/gtest_autogen/mocs_compilation.cpp.o[0m
[4.951s] [ 25%] [32mBuilding CXX object gtest/CMakeFiles/gtest.dir/src/gtest-all.cc.o[0m
[5.054s] [ 30%] [32mBuilding CXX object CMakeFiles/rviz_visual_tools_gui.dir/rviz_visual_tools_gui_autogen/mocs_compilation.cpp.o[0m
[5.054s] [ 30%] [32mBuilding CXX object CMakeFiles/rviz_visual_tools_gui.dir/src/rviz_visual_tools_gui.cpp.o[0m
[5.058s] [ 33%] [32mBuilding CXX object CMakeFiles/rviz_visual_tools_gui.dir/src/key_tool.cpp.o[0m
[5.059s] [ 35%] [32mBuilding CXX object CMakeFiles/rviz_visual_tools_gui.dir/src/remote_control.cpp.o[0m
[5.663s] [ 38%] [32m[1mLinking CXX static library libgtest_main.a[0m
[5.735s] [ 38%] Built target gtest_main
[11.531s] [ 41%] [32m[1mLinking CXX shared library librviz_visual_tools_remote_control.so[0m
[11.824s] [ 41%] Built target rviz_visual_tools_remote_control
[11.839s] [35m[1mScanning dependencies of target rviz_visual_tools_autogen[0m
[11.854s] [ 43%] [34m[1mAutomatic MOC for target rviz_visual_tools[0m
[11.881s] [ 43%] Built target rviz_visual_tools_autogen
[11.896s] [35m[1mScanning dependencies of target rviz_visual_tools[0m
[12.105s] [ 46%] [32mBuilding CXX object CMakeFiles/rviz_visual_tools.dir/rviz_visual_tools_autogen/mocs_compilation.cpp.o[0m
[12.115s] [ 48%] [32mBuilding CXX object CMakeFiles/rviz_visual_tools.dir/src/rviz_visual_tools.cpp.o[0m
[12.115s] [ 51%] [32mBuilding CXX object CMakeFiles/rviz_visual_tools.dir/src/tf_visual_tools.cpp.o[0m
[13.026s] [ 53%] [32m[1mLinking CXX static library libgtest.a[0m
[13.068s] [ 53%] Built target gtest
[13.651s] [ 56%] [32m[1mLinking CXX shared library librviz_visual_tools_gui.so[0m
[15.768s] [ 56%] Built target rviz_visual_tools_gui
[27.418s] [ 58%] [32m[1mLinking CXX shared library librviz_visual_tools.so[0m
[27.578s] [ 58%] Built target rviz_visual_tools
[27.589s] [35m[1mScanning dependencies of target rviz_visual_tools_imarker_simple_autogen[0m
[27.589s] [35m[1mScanning dependencies of target rviz_visual_tools_demo_autogen[0m
[27.589s] [35m[1mScanning dependencies of target rviz_visual_tools_rvt_test_autogen[0m
[27.600s] [ 66%] [34m[1mAutomatic MOC for target rviz_visual_tools_demo[0m
[27.600s] [ 66%] [34m[1mAutomatic MOC for target rviz_visual_tools_imarker_simple[0m
[27.600s] [ 66%] [34m[1mAutomatic MOC for target rviz_visual_tools_rvt_test[0m
[27.618s] [ 66%] Built target rviz_visual_tools_rvt_test_autogen
[27.618s] [ 66%] Built target rviz_visual_tools_demo_autogen
[27.618s] [ 66%] Built target rviz_visual_tools_imarker_simple_autogen
[27.628s] [35m[1mScanning dependencies of target rviz_visual_tools_imarker_simple[0m
[27.628s] [35m[1mScanning dependencies of target rviz_visual_tools_rvt_test[0m
[27.686s] [ 69%] [32mBuilding CXX object CMakeFiles/rviz_visual_tools_rvt_test.dir/rviz_visual_tools_rvt_test_autogen/mocs_compilation.cpp.o[0m
[27.691s] [ 71%] [32mBuilding CXX object CMakeFiles/rviz_visual_tools_imarker_simple.dir/rviz_visual_tools_imarker_simple_autogen/mocs_compilation.cpp.o[0m
[27.694s] [ 74%] [32mBuilding CXX object CMakeFiles/rviz_visual_tools_rvt_test.dir/tests/rvt_test.cpp.o[0m
[27.700s] [ 76%] [32mBuilding CXX object CMakeFiles/rviz_visual_tools_imarker_simple.dir/src/imarker_simple.cpp.o[0m
[30.581s] [ 79%] [32m[1mLinking CXX shared library librviz_visual_tools_imarker_simple.so[0m
[30.731s] [ 79%] Built target rviz_visual_tools_imarker_simple
[30.743s] [35m[1mScanning dependencies of target rviz_visual_tools_imarker_simple_demo_autogen[0m
[30.743s] [35m[1mScanning dependencies of target rviz_visual_tools_demo[0m
[30.755s] [ 82%] [34m[1mAutomatic MOC for target rviz_visual_tools_imarker_simple_demo[0m
[30.775s] [ 82%] Built target rviz_visual_tools_imarker_simple_demo_autogen
[30.787s] [35m[1mScanning dependencies of target rviz_visual_tools_imarker_simple_demo[0m
[30.809s] [ 84%] [32mBuilding CXX object CMakeFiles/rviz_visual_tools_demo.dir/rviz_visual_tools_demo_autogen/mocs_compilation.cpp.o[0m
[30.820s] [ 87%] [32mBuilding CXX object CMakeFiles/rviz_visual_tools_demo.dir/src/rviz_visual_tools_demo.cpp.o[0m
[30.859s] [ 89%] [32mBuilding CXX object CMakeFiles/rviz_visual_tools_imarker_simple_demo.dir/rviz_visual_tools_imarker_simple_demo_autogen/mocs_compilation.cpp.o[0m
[30.869s] [ 92%] [32mBuilding CXX object CMakeFiles/rviz_visual_tools_imarker_simple_demo.dir/src/imarker_simple_demo.cpp.o[0m
[32.807s] [ 94%] [32m[1mLinking CXX executable rviz_visual_tools_rvt_test[0m
[33.027s] [ 94%] Built target rviz_visual_tools_rvt_test
[34.043s] [ 97%] [32m[1mLinking CXX executable rviz_visual_tools_imarker_simple_demo[0m
[34.196s] [ 97%] Built target rviz_visual_tools_imarker_simple_demo
[34.717s] [100%] [32m[1mLinking CXX executable rviz_visual_tools_demo[0m
[34.871s] [100%] Built target rviz_visual_tools_demo
[34.885s] Invoked command in '/home/bettanin/ws_moveit2/build/rviz_visual_tools' returned '0': CMAKE_PREFIX_PATH=/opt/ros/foxy /usr/bin/cmake --build /home/bettanin/ws_moveit2/build/rviz_visual_tools -- -j8 -l8
[34.962s] Invoking command in '/home/bettanin/ws_moveit2/build/rviz_visual_tools': CMAKE_PREFIX_PATH=/opt/ros/foxy /usr/bin/cmake --install /home/bettanin/ws_moveit2/build/rviz_visual_tools
[34.969s] -- Install configuration: "Release"
[34.970s] -- Installing: /home/bettanin/ws_moveit2/install/rviz_visual_tools/share/rviz_visual_tools/plugin_description.xml
[34.970s] -- Installing: /home/bettanin/ws_moveit2/install/rviz_visual_tools/lib/librviz_visual_tools.so
[34.971s] -- Set runtime path of "/home/bettanin/ws_moveit2/install/rviz_visual_tools/lib/librviz_visual_tools.so" to ""
[34.971s] -- Installing: /home/bettanin/ws_moveit2/install/rviz_visual_tools/lib/librviz_visual_tools_remote_control.so
[34.972s] -- Set runtime path of "/home/bettanin/ws_moveit2/install/rviz_visual_tools/lib/librviz_visual_tools_remote_control.so" to ""
[34.972s] -- Installing: /home/bettanin/ws_moveit2/install/rviz_visual_tools/lib/librviz_visual_tools_gui.so
[34.973s] -- Set runtime path of "/home/bettanin/ws_moveit2/install/rviz_visual_tools/lib/librviz_visual_tools_gui.so" to ""
[34.973s] -- Installing: /home/bettanin/ws_moveit2/install/rviz_visual_tools/lib/librviz_visual_tools_imarker_simple.so
[34.973s] -- Set runtime path of "/home/bettanin/ws_moveit2/install/rviz_visual_tools/lib/librviz_visual_tools_imarker_simple.so" to ""
[34.973s] -- Installing: /home/bettanin/ws_moveit2/install/rviz_visual_tools/lib/rviz_visual_tools/rviz_visual_tools_demo
[34.974s] -- Set runtime path of "/home/bettanin/ws_moveit2/install/rviz_visual_tools/lib/rviz_visual_tools/rviz_visual_tools_demo" to ""
[34.974s] -- Installing: /home/bettanin/ws_moveit2/install/rviz_visual_tools/lib/rviz_visual_tools/rviz_visual_tools_imarker_simple_demo
[34.975s] -- Set runtime path of "/home/bettanin/ws_moveit2/install/rviz_visual_tools/lib/rviz_visual_tools/rviz_visual_tools_imarker_simple_demo" to ""
[34.975s] -- Installing: /home/bettanin/ws_moveit2/install/rviz_visual_tools/include
[34.975s] -- Installing: /home/bettanin/ws_moveit2/install/rviz_visual_tools/include/rviz_visual_tools
[34.975s] -- Installing: /home/bettanin/ws_moveit2/install/rviz_visual_tools/include/rviz_visual_tools/rviz_visual_tools.hpp
[34.975s] -- Installing: /home/bettanin/ws_moveit2/install/rviz_visual_tools/include/rviz_visual_tools/rviz_visual_tools_gui.hpp
[34.975s] -- Installing: /home/bettanin/ws_moveit2/install/rviz_visual_tools/include/rviz_visual_tools/imarker_simple.hpp
[34.975s] -- Installing: /home/bettanin/ws_moveit2/install/rviz_visual_tools/include/rviz_visual_tools/remote_control.hpp
[34.975s] -- Installing: /home/bettanin/ws_moveit2/install/rviz_visual_tools/include/rviz_visual_tools/tf_visual_tools.hpp
[34.975s] -- Installing: /home/bettanin/ws_moveit2/install/rviz_visual_tools/include/rviz_visual_tools/remote_reciever.hpp
[34.975s] -- Installing: /home/bettanin/ws_moveit2/install/rviz_visual_tools/include/rviz_visual_tools/key_tool.hpp
[34.975s] -- Installing: /home/bettanin/ws_moveit2/install/rviz_visual_tools/share/rviz_visual_tools/launch
[34.975s] -- Installing: /home/bettanin/ws_moveit2/install/rviz_visual_tools/share/rviz_visual_tools/launch/demo_combined.launch.py
[34.976s] -- Installing: /home/bettanin/ws_moveit2/install/rviz_visual_tools/share/rviz_visual_tools/launch/rvt_test.launch
[34.976s] -- Installing: /home/bettanin/ws_moveit2/install/rviz_visual_tools/share/rviz_visual_tools/launch/demo_rviz.launch.py
[34.976s] -- Installing: /home/bettanin/ws_moveit2/install/rviz_visual_tools/share/rviz_visual_tools/launch/demo.rviz
[34.976s] -- Installing: /home/bettanin/ws_moveit2/install/rviz_visual_tools/share/rviz_visual_tools/environment/library_path.sh
[34.976s] -- Installing: /home/bettanin/ws_moveit2/install/rviz_visual_tools/share/rviz_visual_tools/environment/library_path.dsv
[34.976s] -- Installing: /home/bettanin/ws_moveit2/install/rviz_visual_tools/share/ament_index/resource_index/package_run_dependencies/rviz_visual_tools
[34.976s] -- Installing: /home/bettanin/ws_moveit2/install/rviz_visual_tools/share/ament_index/resource_index/parent_prefix_path/rviz_visual_tools
[34.977s] -- Installing: /home/bettanin/ws_moveit2/install/rviz_visual_tools/share/rviz_visual_tools/environment/ament_prefix_path.sh
[34.977s] -- Installing: /home/bettanin/ws_moveit2/install/rviz_visual_tools/share/rviz_visual_tools/environment/ament_prefix_path.dsv
[34.977s] -- Installing: /home/bettanin/ws_moveit2/install/rviz_visual_tools/share/rviz_visual_tools/environment/path.sh
[34.977s] -- Installing: /home/bettanin/ws_moveit2/install/rviz_visual_tools/share/rviz_visual_tools/environment/path.dsv
[34.977s] -- Installing: /home/bettanin/ws_moveit2/install/rviz_visual_tools/share/rviz_visual_tools/local_setup.bash
[34.977s] -- Installing: /home/bettanin/ws_moveit2/install/rviz_visual_tools/share/rviz_visual_tools/local_setup.sh
[34.978s] -- Installing: /home/bettanin/ws_moveit2/install/rviz_visual_tools/share/rviz_visual_tools/local_setup.zsh
[34.978s] -- Installing: /home/bettanin/ws_moveit2/install/rviz_visual_tools/share/rviz_visual_tools/local_setup.dsv
[34.978s] -- Installing: /home/bettanin/ws_moveit2/install/rviz_visual_tools/share/rviz_visual_tools/package.dsv
[34.978s] -- Installing: /home/bettanin/ws_moveit2/install/rviz_visual_tools/share/ament_index/resource_index/packages/rviz_visual_tools
[34.978s] -- Installing: /home/bettanin/ws_moveit2/install/rviz_visual_tools/share/ament_index/resource_index/rviz_common__pluginlib__plugin/rviz_visual_tools
[34.978s] -- Installing: /home/bettanin/ws_moveit2/install/rviz_visual_tools/share/rviz_visual_tools/cmake/ament_cmake_export_dependencies-extras.cmake
[34.979s] -- Installing: /home/bettanin/ws_moveit2/install/rviz_visual_tools/share/rviz_visual_tools/cmake/ament_cmake_export_include_directories-extras.cmake
[34.979s] -- Installing: /home/bettanin/ws_moveit2/install/rviz_visual_tools/share/rviz_visual_tools/cmake/ament_cmake_export_libraries-extras.cmake
[34.979s] -- Installing: /home/bettanin/ws_moveit2/install/rviz_visual_tools/share/rviz_visual_tools/cmake/rviz_visual_toolsConfig.cmake
[34.979s] -- Installing: /home/bettanin/ws_moveit2/install/rviz_visual_tools/share/rviz_visual_tools/cmake/rviz_visual_toolsConfig-version.cmake
[34.979s] -- Installing: /home/bettanin/ws_moveit2/install/rviz_visual_tools/share/rviz_visual_tools/package.xml
[34.982s] Invoked command in '/home/bettanin/ws_moveit2/build/rviz_visual_tools' returned '0': CMAKE_PREFIX_PATH=/opt/ros/foxy /usr/bin/cmake --install /home/bettanin/ws_moveit2/build/rviz_visual_tools
