[0.015s] Invoking command in '/home/bettanin/ws_moveit2/build/moveit_visual_tools': AMENT_PREFIX_PATH=/home/bettanin/ws_moveit2/install/rviz_visual_tools:${AMENT_PREFIX_PATH} CMAKE_PREFIX_PATH=/home/bettanin/ws_moveit2/install/rviz_visual_tools:/opt/ros/foxy LD_LIBRARY_PATH=/home/bettanin/ws_moveit2/install/rviz_visual_tools/lib:${LD_LIBRARY_PATH} /usr/bin/cmake /home/bettanin/ws_moveit2/src/moveit_visual_tools -DCMAKE_BUILD_TYPE=Release -DCMAKE_INSTALL_PREFIX=/home/bettanin/ws_moveit2/install/moveit_visual_tools
[0.086s] -- The C compiler identification is GNU 9.4.0
[0.143s] -- The CXX compiler identification is GNU 9.4.0
[0.146s] -- Check for working C compiler: /usr/bin/cc
[0.210s] -- Check for working C compiler: /usr/bin/cc -- works
[0.210s] -- Detecting C compiler ABI info
[0.278s] -- Detecting C compiler ABI info - done
[0.292s] -- Detecting C compile features
[0.292s] -- Detecting C compile features - done
[0.295s] -- Check for working CXX compiler: /usr/bin/c++
[0.373s] -- Check for working CXX compiler: /usr/bin/c++ -- works
[0.374s] -- Detecting CXX compiler ABI info
[0.450s] -- Detecting CXX compiler ABI info - done
[0.462s] -- Detecting CXX compile features
[0.462s] -- Detecting CXX compile features - done
[0.464s] -- Found moveit_common: 2.2.3 (/opt/ros/foxy/share/moveit_common/cmake)
[0.466s] -- Found ament_cmake: 0.9.9 (/opt/ros/foxy/share/ament_cmake/cmake)
[0.490s] -- Found PythonInterp: /usr/bin/python3 (found suitable version "3.8.10", minimum required is "3") 
[0.490s] -- Using PYTHON_EXECUTABLE: /usr/bin/python3
[0.731s] -- Found Boost: /usr/lib/x86_64-linux-gnu/cmake/Boost-1.71.0/BoostConfig.cmake (found version "1.71.0") found components: system 
[0.738s] -- Found geometry_msgs: 2.0.5 (/opt/ros/foxy/share/geometry_msgs/cmake)
[0.767s] -- Using all available rosidl_typesupport_c: rosidl_typesupport_fastrtps_c;rosidl_typesupport_introspection_c
[0.774s] -- Found rosidl_adapter: 1.2.1 (/opt/ros/foxy/share/rosidl_adapter/cmake)
[0.847s] -- Found OpenSSL: /usr/lib/x86_64-linux-gnu/libcrypto.so (found version "1.1.1f")  
[0.875s] -- Found FastRTPS: /opt/ros/foxy/include  
[0.946s] -- Using all available rosidl_typesupport_cpp: rosidl_typesupport_fastrtps_cpp;rosidl_typesupport_introspection_cpp
[1.024s] -- Found graph_msgs: 0.2.0 (/opt/ros/foxy/share/graph_msgs/cmake)
[1.090s] -- Found moveit_core: 2.2.3 (/opt/ros/foxy/share/moveit_core/cmake)
[1.383s] -- Found Boost: /usr/lib/x86_64-linux-gnu/cmake/Boost-1.71.0/BoostConfig.cmake (found version "1.71.0") found components: chrono date_time filesystem iostreams program_options regex serialization system thread 
[1.403s] -- Found Boost: /usr/lib/x86_64-linux-gnu/cmake/Boost-1.71.0/BoostConfig.cmake (found version "1.71.0") found components: filesystem 
[1.468s] -- Found rmw_implementation_cmake: 1.0.3 (/opt/ros/foxy/share/rmw_implementation_cmake/cmake)
[1.469s] -- Using RMW implementation 'rmw_fastrtps_cpp' as default
[1.471s] -- Found Threads: TRUE  
[1.670s] -- library: /usr/lib/x86_64-linux-gnu/libcurl.so
[1.836s] -- Found Eigen3: TRUE (found version "3.3.7") 
[3.505s] -- Found moveit_ros_planning: 2.2.3 (/opt/ros/foxy/share/moveit_ros_planning/cmake)
[3.510s] -- Found Boost: /usr/lib/x86_64-linux-gnu/cmake/Boost-1.71.0/BoostConfig.cmake (found version "1.71.0") found components: system filesystem date_time program_options thread chrono 
[3.762s] -- Found Boost: /usr/lib/x86_64-linux-gnu/cmake/Boost-1.71.0/BoostConfig.cmake (found version "1.71.0") found components: thread 
[4.315s] -- Found rviz_visual_tools: 4.0.3 (/home/bettanin/ws_moveit2/install/rviz_visual_tools/share/rviz_visual_tools/cmake)
[4.430s] -- Setting OGRE_DIR to: '/opt/ros/foxy/share/rviz_ogre_vendor/cmake/../../../opt/rviz_ogre_vendor/lib/OGRE/cmake'
[4.432s] -- Found OGRE
[4.432s] --   static     : OFF
[4.432s] --   components : HLMS;MeshLodGenerator;Overlay;Paging;Property;RTShaderSystem;Terrain;Volume
[4.432s] --   plugins    : Plugin_BSPSceneManager;Plugin_OctreeSceneManager;Plugin_PCZSceneManager;Plugin_ParticleFX;RenderSystem_GL;RenderSystem_GL3Plus;Codec_STBI
[4.432s] --   media      : /opt/ros/foxy/opt/rviz_ogre_vendor/share/OGRE/Media
[4.432s] -- OGRE_LIBRARIES: OgreHLMS;OgreMeshLodGenerator;OgreOverlay;OgrePaging;OgreProperty;OgreRTShaderSystem;OgreTerrain;OgreVolume;OgreMain
[4.432s] -- OGRE_LIBRARY_DIRS: /opt/ros/foxy/opt/rviz_ogre_vendor/lib
[4.432s] -- OGRE_PLUGINS: Plugin_BSPSceneManager;Plugin_OctreeSceneManager;Plugin_PCZSceneManager;Plugin_ParticleFX;RenderSystem_GL;RenderSystem_GL3Plus;Codec_STBI
[4.432s] -- OGRE_PLUGIN_DIR: /opt/ros/foxy/opt/rviz_ogre_vendor/lib/OGRE
[4.433s] -- rviz_ogre_vendor::OgreOverlay for IMPORTED_LOCATION_RELEASE: /opt/ros/foxy/opt/rviz_ogre_vendor/lib/libOgreOverlay.so
[4.433s] -- rviz_ogre_vendor::OgreOverlay for IMPORTED_LOCATION_DEBUG: /opt/ros/foxy/opt/rviz_ogre_vendor/lib/libOgreOverlay.so
[4.433s] -- rviz_ogre_vendor::OgreMain for IMPORTED_LOCATION_RELEASE: /opt/ros/foxy/opt/rviz_ogre_vendor/lib/libOgreMain.so
[4.433s] -- rviz_ogre_vendor::OgreMain for IMPORTED_LOCATION_DEBUG: /opt/ros/foxy/opt/rviz_ogre_vendor/lib/libOgreMain.so
[4.452s] -- Found ZLIB: /usr/lib/x86_64-linux-gnu/libz.so (found version "1.2.11") 
[4.457s] -- Found OpenGL: /usr/lib/x86_64-linux-gnu/libOpenGL.so   
[4.540s] -- Found X11: /usr/include   
[4.541s] -- Looking for XOpenDisplay in /usr/lib/x86_64-linux-gnu/libX11.so;/usr/lib/x86_64-linux-gnu/libXext.so
[4.614s] -- Looking for XOpenDisplay in /usr/lib/x86_64-linux-gnu/libX11.so;/usr/lib/x86_64-linux-gnu/libXext.so - found
[4.614s] -- Looking for gethostbyname
[4.680s] -- Looking for gethostbyname - found
[4.681s] -- Looking for connect
[4.746s] -- Looking for connect - found
[4.746s] -- Looking for remove
[4.811s] -- Looking for remove - found
[4.811s] -- Looking for shmat
[4.876s] -- Looking for shmat - found
[4.876s] -- Looking for IceConnectionNumber in ICE
[4.942s] -- Looking for IceConnectionNumber in ICE - found
[4.945s] -- rviz_ogre_vendor::RenderSystem_GL for IMPORTED_LOCATION_RELEASE: _render_system_gl_static_library_abs-NOTFOUND
[4.945s] -- rviz_ogre_vendor::RenderSystem_GL for IMPORTED_LOCATION_DEBUG: _render_system_gl_static_library_abs-NOTFOUND
[5.001s] -- Setting yaml-cpp_DIR to: '/opt/ros/foxy/share/yaml_cpp_vendor/cmake/../../../opt/yaml_cpp_vendor/lib/cmake/yaml-cpp'
[6.021s] -- Found ament_lint_auto: 0.9.6 (/opt/ros/foxy/share/ament_lint_auto/cmake)
[6.039s] -- Added test 'copyright' to check source files copyright and LICENSE
[6.040s] -- Added test 'flake8' to check Python code syntax and style conventions
[6.042s] -- Added test 'lint_cmake' to check CMake code style
[6.043s] -- Added test 'pep257' to check Python code against some of the style conventions in PEP 257
[6.043s] -- Added test 'xmllint' to check XML markup files
[6.049s] -- Configuring done
[6.496s] -- Generating done
[6.499s] -- Build files have been written to: /home/bettanin/ws_moveit2/build/moveit_visual_tools
[6.510s] Invoked command in '/home/bettanin/ws_moveit2/build/moveit_visual_tools' returned '0': AMENT_PREFIX_PATH=/home/bettanin/ws_moveit2/install/rviz_visual_tools:${AMENT_PREFIX_PATH} CMAKE_PREFIX_PATH=/home/bettanin/ws_moveit2/install/rviz_visual_tools:/opt/ros/foxy LD_LIBRARY_PATH=/home/bettanin/ws_moveit2/install/rviz_visual_tools/lib:${LD_LIBRARY_PATH} /usr/bin/cmake /home/bettanin/ws_moveit2/src/moveit_visual_tools -DCMAKE_BUILD_TYPE=Release -DCMAKE_INSTALL_PREFIX=/home/bettanin/ws_moveit2/install/moveit_visual_tools
[6.513s] Invoking command in '/home/bettanin/ws_moveit2/build/moveit_visual_tools': AMENT_PREFIX_PATH=/home/bettanin/ws_moveit2/install/rviz_visual_tools:${AMENT_PREFIX_PATH} CMAKE_PREFIX_PATH=/home/bettanin/ws_moveit2/install/rviz_visual_tools:/opt/ros/foxy LD_LIBRARY_PATH=/home/bettanin/ws_moveit2/install/rviz_visual_tools/lib:${LD_LIBRARY_PATH} /usr/bin/cmake --build /home/bettanin/ws_moveit2/build/moveit_visual_tools -- -j8 -l8
[6.557s] [35m[1mScanning dependencies of target moveit_visual_tools[0m
[6.788s] [ 16%] [32mBuilding CXX object CMakeFiles/moveit_visual_tools.dir/src/moveit_visual_tools.cpp.o[0m
[6.789s] [ 33%] [32mBuilding CXX object CMakeFiles/moveit_visual_tools.dir/src/imarker_robot_state.cpp.o[0m
[6.789s] [ 50%] [32mBuilding CXX object CMakeFiles/moveit_visual_tools.dir/src/imarker_end_effector.cpp.o[0m
[26.366s] [ 66%] [32m[1mLinking CXX shared library libmoveit_visual_tools.so[0m
[26.856s] [ 66%] Built target moveit_visual_tools
[26.868s] [35m[1mScanning dependencies of target moveit_visual_tools_demo[0m
[26.953s] [ 83%] [32mBuilding CXX object CMakeFiles/moveit_visual_tools_demo.dir/src/moveit_visual_tools_demo.cpp.o[0m
[36.558s] [100%] [32m[1mLinking CXX executable moveit_visual_tools_demo[0m
[37.404s] [100%] Built target moveit_visual_tools_demo
[37.418s] Invoked command in '/home/bettanin/ws_moveit2/build/moveit_visual_tools' returned '0': AMENT_PREFIX_PATH=/home/bettanin/ws_moveit2/install/rviz_visual_tools:${AMENT_PREFIX_PATH} CMAKE_PREFIX_PATH=/home/bettanin/ws_moveit2/install/rviz_visual_tools:/opt/ros/foxy LD_LIBRARY_PATH=/home/bettanin/ws_moveit2/install/rviz_visual_tools/lib:${LD_LIBRARY_PATH} /usr/bin/cmake --build /home/bettanin/ws_moveit2/build/moveit_visual_tools -- -j8 -l8
[37.459s] Invoking command in '/home/bettanin/ws_moveit2/build/moveit_visual_tools': AMENT_PREFIX_PATH=/home/bettanin/ws_moveit2/install/rviz_visual_tools:${AMENT_PREFIX_PATH} CMAKE_PREFIX_PATH=/home/bettanin/ws_moveit2/install/rviz_visual_tools:/opt/ros/foxy LD_LIBRARY_PATH=/home/bettanin/ws_moveit2/install/rviz_visual_tools/lib:${LD_LIBRARY_PATH} /usr/bin/cmake --install /home/bettanin/ws_moveit2/build/moveit_visual_tools
[37.471s] -- Install configuration: "Release"
[37.471s] -- Installing: /home/bettanin/ws_moveit2/install/moveit_visual_tools/share/moveit_visual_tools/environment/library_path.sh
[37.471s] -- Installing: /home/bettanin/ws_moveit2/install/moveit_visual_tools/share/moveit_visual_tools/environment/library_path.dsv
[37.472s] -- Installing: /home/bettanin/ws_moveit2/install/moveit_visual_tools/lib/libmoveit_visual_tools.so
[37.473s] -- Set runtime path of "/home/bettanin/ws_moveit2/install/moveit_visual_tools/lib/libmoveit_visual_tools.so" to ""
[37.474s] -- Installing: /home/bettanin/ws_moveit2/install/moveit_visual_tools/lib/moveit_visual_tools/moveit_visual_tools_demo
[37.475s] -- Set runtime path of "/home/bettanin/ws_moveit2/install/moveit_visual_tools/lib/moveit_visual_tools/moveit_visual_tools_demo" to ""
[37.475s] -- Installing: /home/bettanin/ws_moveit2/install/moveit_visual_tools/include
[37.475s] -- Installing: /home/bettanin/ws_moveit2/install/moveit_visual_tools/include/moveit_visual_tools
[37.475s] -- Installing: /home/bettanin/ws_moveit2/install/moveit_visual_tools/include/moveit_visual_tools/imarker_end_effector.h
[37.475s] -- Installing: /home/bettanin/ws_moveit2/install/moveit_visual_tools/include/moveit_visual_tools/imarker_robot_state.h
[37.475s] -- Installing: /home/bettanin/ws_moveit2/install/moveit_visual_tools/include/moveit_visual_tools/moveit_visual_tools.h
[37.475s] -- Installing: /home/bettanin/ws_moveit2/install/moveit_visual_tools/share/moveit_visual_tools/launch
[37.476s] -- Installing: /home/bettanin/ws_moveit2/install/moveit_visual_tools/share/moveit_visual_tools/launch/demo_rviz.launch.py
[37.476s] -- Installing: /home/bettanin/ws_moveit2/install/moveit_visual_tools/share/moveit_visual_tools/launch/demo.rviz
[37.476s] -- Installing: /home/bettanin/ws_moveit2/install/moveit_visual_tools/share/moveit_visual_tools/resources
[37.476s] -- Installing: /home/bettanin/ws_moveit2/install/moveit_visual_tools/share/moveit_visual_tools/resources/demo.png
[37.476s] -- Installing: /home/bettanin/ws_moveit2/install/moveit_visual_tools/share/moveit_visual_tools/resources/screenshot.png
[37.476s] -- Installing: /home/bettanin/ws_moveit2/install/moveit_visual_tools/share/moveit_visual_tools/resources/rrbot.urdf
[37.476s] -- Installing: /home/bettanin/ws_moveit2/install/moveit_visual_tools/share/moveit_visual_tools/resources/rrbot.srdf
[37.476s] -- Installing: /home/bettanin/ws_moveit2/install/moveit_visual_tools/share/moveit_visual_tools/resources/demo_mesh.stl
[37.477s] -- Installing: /home/bettanin/ws_moveit2/install/moveit_visual_tools/share/ament_index/resource_index/package_run_dependencies/moveit_visual_tools
[37.477s] -- Installing: /home/bettanin/ws_moveit2/install/moveit_visual_tools/share/ament_index/resource_index/parent_prefix_path/moveit_visual_tools
[37.477s] -- Installing: /home/bettanin/ws_moveit2/install/moveit_visual_tools/share/moveit_visual_tools/environment/ament_prefix_path.sh
[37.477s] -- Installing: /home/bettanin/ws_moveit2/install/moveit_visual_tools/share/moveit_visual_tools/environment/ament_prefix_path.dsv
[37.478s] -- Installing: /home/bettanin/ws_moveit2/install/moveit_visual_tools/share/moveit_visual_tools/environment/path.sh
[37.478s] -- Installing: /home/bettanin/ws_moveit2/install/moveit_visual_tools/share/moveit_visual_tools/environment/path.dsv
[37.478s] -- Installing: /home/bettanin/ws_moveit2/install/moveit_visual_tools/share/moveit_visual_tools/local_setup.bash
[37.478s] -- Installing: /home/bettanin/ws_moveit2/install/moveit_visual_tools/share/moveit_visual_tools/local_setup.sh
[37.479s] -- Installing: /home/bettanin/ws_moveit2/install/moveit_visual_tools/share/moveit_visual_tools/local_setup.zsh
[37.479s] -- Installing: /home/bettanin/ws_moveit2/install/moveit_visual_tools/share/moveit_visual_tools/local_setup.dsv
[37.479s] -- Installing: /home/bettanin/ws_moveit2/install/moveit_visual_tools/share/moveit_visual_tools/package.dsv
[37.479s] -- Installing: /home/bettanin/ws_moveit2/install/moveit_visual_tools/share/ament_index/resource_index/packages/moveit_visual_tools
[37.479s] -- Installing: /home/bettanin/ws_moveit2/install/moveit_visual_tools/share/moveit_visual_tools/cmake/export_moveit_visual_toolsExport.cmake
[37.480s] -- Installing: /home/bettanin/ws_moveit2/install/moveit_visual_tools/share/moveit_visual_tools/cmake/export_moveit_visual_toolsExport-release.cmake
[37.480s] -- Installing: /home/bettanin/ws_moveit2/install/moveit_visual_tools/share/moveit_visual_tools/cmake/ament_cmake_export_targets-extras.cmake
[37.480s] -- Installing: /home/bettanin/ws_moveit2/install/moveit_visual_tools/share/moveit_visual_tools/cmake/ament_cmake_export_dependencies-extras.cmake
[37.480s] -- Installing: /home/bettanin/ws_moveit2/install/moveit_visual_tools/share/moveit_visual_tools/cmake/moveit_visual_toolsConfig.cmake
[37.480s] -- Installing: /home/bettanin/ws_moveit2/install/moveit_visual_tools/share/moveit_visual_tools/cmake/moveit_visual_toolsConfig-version.cmake
[37.480s] -- Installing: /home/bettanin/ws_moveit2/install/moveit_visual_tools/share/moveit_visual_tools/package.xml
[37.487s] Invoked command in '/home/bettanin/ws_moveit2/build/moveit_visual_tools' returned '0': AMENT_PREFIX_PATH=/home/bettanin/ws_moveit2/install/rviz_visual_tools:${AMENT_PREFIX_PATH} CMAKE_PREFIX_PATH=/home/bettanin/ws_moveit2/install/rviz_visual_tools:/opt/ros/foxy LD_LIBRARY_PATH=/home/bettanin/ws_moveit2/install/rviz_visual_tools/lib:${LD_LIBRARY_PATH} /usr/bin/cmake --install /home/bettanin/ws_moveit2/build/moveit_visual_tools
